<?xml version="1.0" encoding="UTF-8"?>
<testng-results ignored="0" total="4" passed="4" failed="0" skipped="0">
  <reporter-output>
  </reporter-output>
  <suite started-at="2022-01-04T08:18:10Z" name="Default suite" finished-at="2022-01-04T08:18:48Z" duration-ms="38310">
    <groups>
    </groups>
    <test started-at="2022-01-04T08:18:10Z" name="Default test" finished-at="2022-01-04T08:18:48Z" duration-ms="38310">
      <class name="JustDialPages.Main">
        <test-method is-config="true" signature="setup()[pri:0, instance:JustDialPages.Main@51fadaff]" started-at="2022-01-04T08:17:55Z" name="setup" finished-at="2022-01-04T08:18:10Z" duration-ms="14598" status="PASS">
          <reporter-output>
          </reporter-output>
        </test-method> <!-- setup -->
        <test-method signature="searchTextBoxAndRemoveAd()[pri:0, instance:JustDialPages.Main@51fadaff]" started-at="2022-01-04T08:18:10Z" name="searchTextBoxAndRemoveAd" finished-at="2022-01-04T08:18:26Z" duration-ms="16641" status="PASS">
          <reporter-output>
          </reporter-output>
        </test-method> <!-- searchTextBoxAndRemoveAd -->
        <test-method signature="CarServiceInfoSearching()[pri:1, instance:JustDialPages.Main@51fadaff]" started-at="2022-01-04T08:18:27Z" name="CarServiceInfoSearching" finished-at="2022-01-04T08:18:33Z" duration-ms="6501" status="PASS">
          <reporter-output>
          </reporter-output>
        </test-method> <!-- CarServiceInfoSearching -->
        <test-method signature="ListingPage()[pri:2, instance:JustDialPages.Main@51fadaff]" started-at="2022-01-04T08:18:33Z" name="ListingPage" finished-at="2022-01-04T08:18:37Z" duration-ms="4463" status="PASS">
          <reporter-output>
          </reporter-output>
        </test-method> <!-- ListingPage -->
        <test-method signature="FitnessPage()[pri:3, instance:JustDialPages.Main@51fadaff]" started-at="2022-01-04T08:18:37Z" name="FitnessPage" finished-at="2022-01-04T08:18:48Z" duration-ms="10647" status="PASS">
          <reporter-output>
          </reporter-output>
        </test-method> <!-- FitnessPage -->
        <test-method is-config="true" signature="closeBrowser()[pri:0, instance:JustDialPages.Main@51fadaff]" started-at="2022-01-04T08:18:48Z" name="closeBrowser" finished-at="2022-01-04T08:18:58Z" duration-ms="9609" status="PASS">
          <reporter-output>
          </reporter-output>
        </test-method> <!-- closeBrowser -->
      </class> <!-- JustDialPages.Main -->
    </test> <!-- Default test -->
  </suite> <!-- Default suite -->
</testng-results>
