<?xml version="1.0" encoding="UTF-8"?>
<!-- Generated by org.testng.reporters.JUnitXMLReporter -->
<testsuite ignored="0" hostname="LTIN251846" failures="0" tests="4" name="Default test" time="38.31" errors="0" timestamp="04 Jan 2022 08:18:48 GMT">
  <testcase classname="JustDialPages.Main" name="searchTextBoxAndRemoveAd" time="16.641"/>
  <testcase classname="JustDialPages.Main" name="CarServiceInfoSearching" time="6.501"/>
  <testcase classname="JustDialPages.Main" name="ListingPage" time="4.463"/>
  <testcase classname="JustDialPages.Main" name="FitnessPage" time="10.647"/>
</testsuite> <!-- Default test -->
